<?xml version="1.0" encoding="UTF-8"?>
<!-- Generated by org.testng.reporters.JUnitXMLReporter -->
<testsuite hostname="Owner-PC" ignored="0" name="Default test" tests="4" failures="0" timestamp="21 May 2019 22:35:04 GMT" time="59.771" errors="0">
  <testcase name="TestCase05" time="1.178" classname="testScripts.TestScript05"/>
  <testcase name="TestCase05" time="0.472" classname="testScripts.TestScript05"/>
  <testcase name="TestCase05" time="1.019" classname="testScripts.TestScript05"/>
  <testcase name="TestCase05" time="0.475" classname="testScripts.TestScript05"/>
</testsuite> <!-- Default test -->
