<?xml version="1.0" encoding="UTF-8"?>
<!-- Generated by org.testng.reporters.JUnitXMLReporter -->
<testsuite hostname="Owner-PC" ignored="0" name="Default test" tests="4" failures="0" timestamp="21 May 2019 02:42:28 GMT" time="61.952" errors="0">
  <testcase name="TestCase05" time="1.9" classname="testScripts.TestScript05"/>
  <testcase name="TestCase05" time="0.458" classname="testScripts.TestScript05"/>
  <testcase name="TestCase05" time="0.513" classname="testScripts.TestScript05"/>
  <testcase name="TestCase05" time="0.589" classname="testScripts.TestScript05"/>
</testsuite> <!-- Default test -->
