<?xml version="1.0" encoding="UTF-8"?>
<testng-results skipped="0" failed="0" ignored="0" total="4" passed="4">
  <reporter-output>
  </reporter-output>
  <suite name="Default suite" duration-ms="59771" started-at="2019-05-21T22:34:04Z" finished-at="2019-05-21T22:35:04Z">
    <groups>
    </groups>
    <test name="Default test" duration-ms="59771" started-at="2019-05-21T22:34:04Z" finished-at="2019-05-21T22:35:04Z">
      <class name="testScripts.TestScript05">
        <test-method status="PASS" signature="setUp()[pri:0, instance:testScripts.TestScript05@26be92ad]" name="setUp" is-config="true" duration-ms="10752" started-at="2019-05-21T22:34:04Z" finished-at="2019-05-21T22:34:15Z">
          <reporter-output>
          </reporter-output>
        </test-method> <!-- setUp -->
        <test-method status="PASS" signature="TestCase05(java.lang.String, java.lang.String)[pri:0, instance:testScripts.TestScript05@26be92ad]" name="TestCase05" duration-ms="1178" started-at="2019-05-21T22:34:15Z" data-provider="GuruTest" finished-at="2019-05-21T22:34:16Z">
          <params>
            <param index="0">
              <value>
                <![CDATA[mngr196055]]>
              </value>
            </param>
            <param index="1">
              <value>
                <![CDATA[yzYmuvu]]>
              </value>
            </param>
          </params>
          <reporter-output>
          </reporter-output>
        </test-method> <!-- TestCase05 -->
        <test-method status="PASS" signature="tearDown()[pri:0, instance:testScripts.TestScript05@26be92ad]" name="tearDown" is-config="true" duration-ms="3649" started-at="2019-05-21T22:34:16Z" finished-at="2019-05-21T22:34:20Z">
          <reporter-output>
          </reporter-output>
        </test-method> <!-- tearDown -->
        <test-method status="PASS" signature="setUp()[pri:0, instance:testScripts.TestScript05@26be92ad]" name="setUp" is-config="true" duration-ms="10205" started-at="2019-05-21T22:34:20Z" finished-at="2019-05-21T22:34:30Z">
          <reporter-output>
          </reporter-output>
        </test-method> <!-- setUp -->
        <test-method status="PASS" signature="TestCase05(java.lang.String, java.lang.String)[pri:0, instance:testScripts.TestScript05@26be92ad]" name="TestCase05" duration-ms="472" started-at="2019-05-21T22:34:30Z" data-provider="GuruTest" finished-at="2019-05-21T22:34:31Z">
          <params>
            <param index="0">
              <value>
                <![CDATA[invalid]]>
              </value>
            </param>
            <param index="1">
              <value>
                <![CDATA[valid]]>
              </value>
            </param>
          </params>
          <reporter-output>
          </reporter-output>
        </test-method> <!-- TestCase05 -->
        <test-method status="PASS" signature="tearDown()[pri:0, instance:testScripts.TestScript05@26be92ad]" name="tearDown" is-config="true" duration-ms="4119" started-at="2019-05-21T22:34:31Z" finished-at="2019-05-21T22:34:35Z">
          <reporter-output>
          </reporter-output>
        </test-method> <!-- tearDown -->
        <test-method status="PASS" signature="setUp()[pri:0, instance:testScripts.TestScript05@26be92ad]" name="setUp" is-config="true" duration-ms="11145" started-at="2019-05-21T22:34:35Z" finished-at="2019-05-21T22:34:46Z">
          <reporter-output>
          </reporter-output>
        </test-method> <!-- setUp -->
        <test-method status="PASS" signature="TestCase05(java.lang.String, java.lang.String)[pri:0, instance:testScripts.TestScript05@26be92ad]" name="TestCase05" duration-ms="1019" started-at="2019-05-21T22:34:46Z" data-provider="GuruTest" finished-at="2019-05-21T22:34:47Z">
          <params>
            <param index="0">
              <value>
                <![CDATA[valid]]>
              </value>
            </param>
            <param index="1">
              <value>
                <![CDATA[invalid]]>
              </value>
            </param>
          </params>
          <reporter-output>
          </reporter-output>
        </test-method> <!-- TestCase05 -->
        <test-method status="PASS" signature="tearDown()[pri:0, instance:testScripts.TestScript05@26be92ad]" name="tearDown" is-config="true" duration-ms="3735" started-at="2019-05-21T22:34:47Z" finished-at="2019-05-21T22:34:51Z">
          <reporter-output>
          </reporter-output>
        </test-method> <!-- tearDown -->
        <test-method status="PASS" signature="setUp()[pri:0, instance:testScripts.TestScript05@26be92ad]" name="setUp" is-config="true" duration-ms="9282" started-at="2019-05-21T22:34:51Z" finished-at="2019-05-21T22:35:00Z">
          <reporter-output>
          </reporter-output>
        </test-method> <!-- setUp -->
        <test-method status="PASS" signature="TestCase05(java.lang.String, java.lang.String)[pri:0, instance:testScripts.TestScript05@26be92ad]" name="TestCase05" duration-ms="475" started-at="2019-05-21T22:35:00Z" data-provider="GuruTest" finished-at="2019-05-21T22:35:01Z">
          <params>
            <param index="0">
              <value>
                <![CDATA[invalid]]>
              </value>
            </param>
            <param index="1">
              <value>
                <![CDATA[invalid]]>
              </value>
            </param>
          </params>
          <reporter-output>
          </reporter-output>
        </test-method> <!-- TestCase05 -->
        <test-method status="PASS" signature="tearDown()[pri:0, instance:testScripts.TestScript05@26be92ad]" name="tearDown" is-config="true" duration-ms="3546" started-at="2019-05-21T22:35:01Z" finished-at="2019-05-21T22:35:04Z">
          <reporter-output>
          </reporter-output>
        </test-method> <!-- tearDown -->
      </class> <!-- testScripts.TestScript05 -->
    </test> <!-- Default test -->
  </suite> <!-- Default suite -->
</testng-results>
