<?xml version="1.0" encoding="UTF-8"?>
<testng-results skipped="0" failed="0" ignored="0" total="4" passed="4">
  <reporter-output>
  </reporter-output>
  <suite name="Default suite" duration-ms="61952" started-at="2019-05-21T02:41:26Z" finished-at="2019-05-21T02:42:28Z">
    <groups>
    </groups>
    <test name="Default test" duration-ms="61952" started-at="2019-05-21T02:41:26Z" finished-at="2019-05-21T02:42:28Z">
      <class name="testScripts.TestScript05">
        <test-method status="PASS" signature="setUp()[pri:0, instance:testScripts.TestScript05@c038203]" name="setUp" is-config="true" duration-ms="11435" started-at="2019-05-21T02:41:27Z" finished-at="2019-05-21T02:41:38Z">
          <reporter-output>
          </reporter-output>
        </test-method> <!-- setUp -->
        <test-method status="PASS" signature="TestCase05(java.lang.String, java.lang.String)[pri:0, instance:testScripts.TestScript05@c038203]" name="TestCase05" duration-ms="1900" started-at="2019-05-21T02:41:38Z" data-provider="GuruTest" finished-at="2019-05-21T02:41:40Z">
          <params>
            <param index="0">
              <value>
                <![CDATA[mngr196055]]>
              </value>
            </param>
            <param index="1">
              <value>
                <![CDATA[yzYmuvu]]>
              </value>
            </param>
          </params>
          <reporter-output>
          </reporter-output>
        </test-method> <!-- TestCase05 -->
        <test-method status="PASS" signature="tearDown()[pri:0, instance:testScripts.TestScript05@c038203]" name="tearDown" is-config="true" duration-ms="3668" started-at="2019-05-21T02:41:40Z" finished-at="2019-05-21T02:41:44Z">
          <reporter-output>
          </reporter-output>
        </test-method> <!-- tearDown -->
        <test-method status="PASS" signature="setUp()[pri:0, instance:testScripts.TestScript05@c038203]" name="setUp" is-config="true" duration-ms="9869" started-at="2019-05-21T02:41:44Z" finished-at="2019-05-21T02:41:53Z">
          <reporter-output>
          </reporter-output>
        </test-method> <!-- setUp -->
        <test-method status="PASS" signature="TestCase05(java.lang.String, java.lang.String)[pri:0, instance:testScripts.TestScript05@c038203]" name="TestCase05" duration-ms="458" started-at="2019-05-21T02:41:53Z" data-provider="GuruTest" finished-at="2019-05-21T02:41:54Z">
          <params>
            <param index="0">
              <value>
                <![CDATA[invalid]]>
              </value>
            </param>
            <param index="1">
              <value>
                <![CDATA[valid]]>
              </value>
            </param>
          </params>
          <reporter-output>
          </reporter-output>
        </test-method> <!-- TestCase05 -->
        <test-method status="PASS" signature="tearDown()[pri:0, instance:testScripts.TestScript05@c038203]" name="tearDown" is-config="true" duration-ms="3636" started-at="2019-05-21T02:41:54Z" finished-at="2019-05-21T02:41:57Z">
          <reporter-output>
          </reporter-output>
        </test-method> <!-- tearDown -->
        <test-method status="PASS" signature="setUp()[pri:0, instance:testScripts.TestScript05@c038203]" name="setUp" is-config="true" duration-ms="11633" started-at="2019-05-21T02:41:57Z" finished-at="2019-05-21T02:42:09Z">
          <reporter-output>
          </reporter-output>
        </test-method> <!-- setUp -->
        <test-method status="PASS" signature="TestCase05(java.lang.String, java.lang.String)[pri:0, instance:testScripts.TestScript05@c038203]" name="TestCase05" duration-ms="513" started-at="2019-05-21T02:42:09Z" data-provider="GuruTest" finished-at="2019-05-21T02:42:10Z">
          <params>
            <param index="0">
              <value>
                <![CDATA[valid]]>
              </value>
            </param>
            <param index="1">
              <value>
                <![CDATA[invalid]]>
              </value>
            </param>
          </params>
          <reporter-output>
          </reporter-output>
        </test-method> <!-- TestCase05 -->
        <test-method status="PASS" signature="tearDown()[pri:0, instance:testScripts.TestScript05@c038203]" name="tearDown" is-config="true" duration-ms="4125" started-at="2019-05-21T02:42:10Z" finished-at="2019-05-21T02:42:14Z">
          <reporter-output>
          </reporter-output>
        </test-method> <!-- tearDown -->
        <test-method status="PASS" signature="setUp()[pri:0, instance:testScripts.TestScript05@c038203]" name="setUp" is-config="true" duration-ms="10029" started-at="2019-05-21T02:42:14Z" finished-at="2019-05-21T02:42:24Z">
          <reporter-output>
          </reporter-output>
        </test-method> <!-- setUp -->
        <test-method status="PASS" signature="TestCase05(java.lang.String, java.lang.String)[pri:0, instance:testScripts.TestScript05@c038203]" name="TestCase05" duration-ms="589" started-at="2019-05-21T02:42:24Z" data-provider="GuruTest" finished-at="2019-05-21T02:42:24Z">
          <params>
            <param index="0">
              <value>
                <![CDATA[invalid]]>
              </value>
            </param>
            <param index="1">
              <value>
                <![CDATA[invalid]]>
              </value>
            </param>
          </params>
          <reporter-output>
          </reporter-output>
        </test-method> <!-- TestCase05 -->
        <test-method status="PASS" signature="tearDown()[pri:0, instance:testScripts.TestScript05@c038203]" name="tearDown" is-config="true" duration-ms="3919" started-at="2019-05-21T02:42:24Z" finished-at="2019-05-21T02:42:28Z">
          <reporter-output>
          </reporter-output>
        </test-method> <!-- tearDown -->
      </class> <!-- testScripts.TestScript05 -->
    </test> <!-- Default test -->
  </suite> <!-- Default suite -->
</testng-results>
